\BOOKMARK [0][-]{chapter.1}{\376\377\000I\000n\000t\000r\000o\000d\000u\000c\000t\000i\000o\000n}{}% 1
\BOOKMARK [0][-]{chapter.2}{\376\377\000S\000t\000a\000t\000e\000\040\000o\000f\000\040\000t\000h\000e\000\040\000A\000r\000t}{}% 2
\BOOKMARK [1][-]{section.2.1}{\376\377\000E\000r\000r\000o\000r\000\040\000M\000e\000t\000r\000i\000c\000s}{chapter.2}% 3
\BOOKMARK [2][-]{subsection.2.1.1}{\376\377\000H\000a\000u\000s\000d\000o\000r\000f\000f\000\040\000D\000i\000s\000t\000a\000n\000c\000e}{section.2.1}% 4
\BOOKMARK [2][-]{subsection.2.1.2}{\376\377\000F\000r\000e\000c\000h\000e\000t\000\040\000D\000i\000s\000t\000a\000n\000c\000e}{section.2.1}% 5
\BOOKMARK [2][-]{subsection.2.1.3}{\376\377\000D\000y\000n\000a\000m\000i\000c\000\040\000T\000i\000m\000e\000\040\000W\000a\000r\000p\000i\000n\000g\000\040\000D\000i\000s\000t\000a\000n\000c\000e}{section.2.1}% 6
\BOOKMARK [1][-]{section.2.2}{\376\377\000L\000i\000n\000e\000\040\000S\000i\000m\000p\000l\000i\000f\000i\000c\000a\000t\000i\000o\000n\000\040\000A\000l\000g\000o\000r\000i\000t\000h\000m}{chapter.2}% 7
\BOOKMARK [2][-]{subsection.2.2.1}{\376\377\000D\000o\000u\000g\000l\000a\000s\000-\000P\000e\000u\000c\000k\000e\000r\000\040\000A\000l\000g\000o\000r\000i\000t\000h\000m}{section.2.2}% 8
\BOOKMARK [2][-]{subsection.2.2.2}{\376\377\000V\000i\000s\000v\000a\000l\000i\000n\000g\000a\000m\000-\000W\000h\000y\000a\000t\000t\000\040\000A\000l\000g\000o\000r\000i\000t\000h\000m}{section.2.2}% 9
\BOOKMARK [2][-]{subsection.2.2.3}{\376\377\000I\000m\000a\000i\000-\000I\000r\000i}{section.2.2}% 10
\BOOKMARK [1][-]{section.2.3}{\376\377\000S\000t\000r\000e\000a\000m\000i\000n\000g\000\040\000P\000r\000o\000c\000e\000s\000s\000\040\000A\000l\000g\000o\000r\000i\000t\000h\000m}{chapter.2}% 11
\BOOKMARK [2][-]{subsection.2.3.1}{\376\377\000D\000a\000t\000a\000-\000S\000t\000r\000e\000a\000m}{section.2.3}% 12
\BOOKMARK [2][-]{subsection.2.3.2}{\376\377\000S\000t\000r\000e\000a\000m\000\040\000P\000r\000o\000c\000e\000s\000s\000i\000n\000g}{section.2.3}% 13
\BOOKMARK [2][-]{subsection.2.3.3}{\376\377\000T\000e\000c\000h\000n\000o\000l\000o\000g\000i\000e\000s}{section.2.3}% 14
\BOOKMARK [2][-]{subsection.2.3.4}{\376\377\000S\000t\000r\000e\000a\000m\000i\000n\000g\000\040\000f\000o\000r\000\040\000L\000i\000n\000e\000\040\000S\000i\000m\000p\000l\000i\000f\000i\000c\000a\000t\000i\000o\000n}{section.2.3}% 15
\BOOKMARK [2][-]{subsection.2.3.5}{\376\377\000M\000o\000v\000i\000n\000g\000\040\000O\000b\000j\000e\000c\000t\000\040\000D\000a\000t\000a\000b\000a\000s\000e}{section.2.3}% 16
\BOOKMARK [0][-]{chapter.3}{\376\377\000D\000e\000s\000i\000g\000n}{}% 17
\BOOKMARK [1][-]{section.3.1}{\376\377\000S\000Q\000U\000I\000S\000H\000-\000E}{chapter.3}% 18
\BOOKMARK [2][-]{subsection.3.1.1}{\376\377\000A\000l\000g\000o\000r\000i\000t\000h\000m\000\040\000P\000s\000e\000u\000d\000o\000-\000C\000o\000d\000e}{section.3.1}% 19
\BOOKMARK [2][-]{subsection.3.1.2}{\376\377\000V\000a\000r\000i\000a\000b\000l\000e\000s}{section.3.1}% 20
\BOOKMARK [0][-]{chapter.4}{\376\377\000I\000m\000p\000l\000e\000m\000e\000n\000t\000a\000t\000i\000o\000n}{}% 21
\BOOKMARK [1][-]{section.4.1}{\376\377\000S\000Q\000U\000I\000S\000H\000-\000E\000\040\000I\000m\000p\000l\000e\000m\000e\000n\000t\000a\000t\000i\000o\000n}{chapter.4}% 22
\BOOKMARK [2][-]{subsection.4.1.1}{\376\377\000A\000l\000g\000o\000r\000i\000t\000h\000m\000\040\0001}{section.4.1}% 23
\BOOKMARK [2][-]{subsection.4.1.2}{\376\377\000A\000l\000g\000o\000r\000i\000t\000h\000m\000\040\0002}{section.4.1}% 24
\BOOKMARK [2][-]{subsection.4.1.3}{\376\377\000A\000l\000g\000o\000r\000i\000t\000h\000m\000\040\0003}{section.4.1}% 25
\BOOKMARK [1][-]{section.4.2}{\376\377\000V\000a\000r\000i\000a\000b\000l\000e\000s\000\040\000I\000m\000p\000l\000e\000m\000e\000n\000t\000a\000t\000i\000o\000n}{chapter.4}% 26
\BOOKMARK [2][-]{subsection.4.2.1}{\376\377\000M\000a\000p}{section.4.2}% 27
\BOOKMARK [2][-]{subsection.4.2.2}{\376\377\000P\000r\000i\000o\000r\000i\000t\000y\000Q\000u\000e\000u\000e}{section.4.2}% 28
\BOOKMARK [1][-]{section.4.3}{\376\377\000P\000o\000s\000t\000g\000r\000e\000s\000\040\000I\000m\000p\000l\000e\000m\000e\000n\000t\000a\000t\000i\000o\000n}{chapter.4}% 29
\BOOKMARK [2][-]{subsection.4.3.1}{\376\377\000S\000Q\000L\000\040\000C\000o\000d\000e}{section.4.3}% 30
\BOOKMARK [2][-]{subsection.4.3.2}{\376\377\000E\000x\000a\000m\000p\000l\000e}{section.4.3}% 31
\BOOKMARK [2][-]{subsection.4.3.3}{\376\377\000R\000e\000s\000u\000l\000t}{section.4.3}% 32
\BOOKMARK [2][-]{subsection.4.3.4}{\376\377\000P\000e\000r\000f\000o\000r\000m\000a\000n\000c\000e}{section.4.3}% 33
\BOOKMARK [2][-]{subsection.4.3.5}{\376\377\000P\000r\000e\000c\000i\000s\000i\000o\000n}{section.4.3}% 34
\BOOKMARK [0][-]{chapter.5}{\376\377\000C\000o\000m\000p\000a\000r\000i\000s\000o\000n}{}% 35
\BOOKMARK [1][-]{section.5.1}{\376\377\000D\000o\000u\000g\000l\000a\000s\000\040\000P\000e\000u\000c\000k\000e\000r}{chapter.5}% 36
\BOOKMARK [2][-]{subsection.5.1.1}{\376\377\000P\000e\000r\000f\000o\000r\000m\000a\000n\000c\000e}{section.5.1}% 37
\BOOKMARK [2][-]{subsection.5.1.2}{\376\377\000S\000i\000m\000i\000l\000a\000r\000i\000t\000y}{section.5.1}% 38
\BOOKMARK [1][-]{section.5.2}{\376\377\000M\000i\000n\000D\000i\000s\000t}{chapter.5}% 39
\BOOKMARK [2][-]{subsection.5.2.1}{\376\377\000P\000e\000r\000f\000o\000r\000m\000a\000n\000c\000e}{section.5.2}% 40
\BOOKMARK [2][-]{subsection.5.2.2}{\376\377\000S\000i\000m\000i\000l\000a\000r\000i\000t\000y}{section.5.2}% 41
\BOOKMARK [0][-]{chapter.6}{\376\377\000C\000o\000n\000c\000l\000u\000s\000i\000o\000n}{}% 42
